2025-07-11T17:54:13.182566Z DEBUG flox::config: Global config directory overridden path="/Users/zmitchell/.config/flox"
2025-07-11T17:54:13.182834Z DEBUG flox::utils::init::sentry: No Sentry DSN set, skipping Sentry initialization
2025-07-11T17:54:13.182848Z DEBUG flox: set _FLOX_PKGDB_VERBOSITY=2
2025-07-11T17:54:13.183457Z DEBUG flox::config: Global config directory overridden path="/Users/zmitchell/.config/flox"
2025-07-11T17:54:13.184269Z DEBUG flox::commands: Skipping update check in development mode
2025-07-11T17:54:13.184379Z DEBUG flox::commands: Metrics collection enabled
2025-07-11T17:54:13.184451Z DEBUG flox::utils::init::catalog_client: using catalog client with url: https://api.flox.dev
2025-07-11T17:54:13.186617Z DEBUG flox::commands: feature flags configured=Features { upload: false, qa: true }
2025-07-11T17:54:13.186766Z DEBUG check-upgrade: flox::utils::metrics: pushing entry to metrics buffer: MetricEntry { subcommand: Some("check-upgrade"), extras: {}, timestamp: 2025-07-11 17:54:13.186699 +00:00:00, uuid: f5187196-aea5-4e3d-bca5-e04499c42547, flox_version: "1.5.1-g726807d", os_family: Some("Mac OS"), os_family_release: Some("23.6.0"), os: None, os_version: None, empty_flags: [] }
2025-07-11T17:54:13.187056Z DEBUG check-upgrade: flox_rust_sdk::models::environment: detected concrete environment type: path
2025-07-11T17:54:13.188319Z DEBUG check-upgrade: flox_rust_sdk::providers::upgrade_checks: created unlocked upgrade information guard upgrade_information_path="/Users/zmitchell/src/flox-manifest-build-examples/quotes-app-pip/.flox/cache/upgrade-checks.json"
2025-07-11T17:54:13.188615Z DEBUG check-upgrade: flox_rust_sdk::providers::upgrade_checks: lock acquired upgrade_information_path="/Users/zmitchell/src/flox-manifest-build-examples/quotes-app-pip/.flox/cache/upgrade-checks.json"
2025-07-11T17:54:13.188686Z DEBUG check-upgrade:check-upgrade: flox_rust_sdk::models::environment::core_environment: upgrading to_upgrade=""
2025-07-11T17:54:13.188739Z DEBUG check-upgrade:check-upgrade: flox_rust_sdk::models::environment::core_environment: checking group membership for requested packages
2025-07-11T17:54:13.188745Z DEBUG check-upgrade:check-upgrade: flox_rust_sdk::models::environment::core_environment: using catalog client to upgrade
2025-07-11T17:54:13.188750Z DEBUG check-upgrade:check-upgrade: flox_rust_sdk::models::environment::core_environment: upgrading to_upgrade=""
2025-07-11T17:54:13.188967Z DEBUG check-upgrade:check-upgrade:resolve_manifest:resolve: flox_rust_sdk::providers::catalog: resolving package groups n_groups=1
2025-07-11T17:54:14.532247Z DEBUG check-upgrade:check-upgrade:resolve_manifest:resolve: flox_rust_sdk::providers::catalog: received resolved package groups n_groups=1
2025-07-11T17:54:14.532368Z DEBUG check-upgrade:check-upgrade:resolve_manifest: flox_rust_sdk::models::lockfile: no resolution failures detected
2025-07-11T17:54:14.532844Z DEBUG check-upgrade:check-upgrade:build: flox_rust_sdk::providers::buildenv: bulk checking validity of store_paths (paths passed to stdin) cmd=/nix/store/aazg6v221pq98rsab7i9gww46a85y1qv-nix-2.28.2/bin/nix --option extra-experimental-features 'nix-command flakes' path-info --offline --stdin
2025-07-11T17:54:14.582954Z DEBUG check-upgrade:check-upgrade:build: flox_rust_sdk::providers::buildenv: bulk setting gc roots for store_paths cmd="echo '/nix/store/q54d9qqlb27g2nf9ja4zsa89gl7b3yvm-python3-3.12.11 /nix/store/011lik94lpxz09cz683qi8gcmjxwid8z-python3.12-pip-25.0.1-man /nix/store/xcjb094yliyndfwigzn2f74g5px1a61g-python3.12-pip-25.0.1-dist /nix/store/6gqjpfrf56mhgz49avxxwqhxnx6r114n-python3.12-build-1.2.2.post1 /nix/store/n6yn6dl8ww45aihy526krgsmznggzykc-python3.12-build-1.2.2.post1-dist /nix/store/k9iizvz7ljdfsplpaqmhisamlkqp3gbr-python3.12-pip-25.0.1' | /nix/store/aazg6v221pq98rsab7i9gww46a85y1qv-nix-2.28.2/bin/nix --option extra-experimental-features 'nix-command flakes' build --stdin --offline -j 0 --out-link /Users/zmitchell/.cache/flox/process/.tmp09Rn1v/temp-roots/pre-checked-paths"
2025-07-11T17:54:14.644259Z DEBUG check-upgrade:check-upgrade:build: flox_rust_sdk::providers::buildenv: using 'auto' store
2025-07-11T17:54:14.644314Z DEBUG check-upgrade:check-upgrade:build: flox_rust_sdk::providers::buildenv: building environment cmd=/nix/store/aazg6v221pq98rsab7i9gww46a85y1qv-nix-2.28.2/bin/nix --option extra-experimental-features 'nix-command flakes' --option pure-eval false --print-build-logs build --no-link --offline --json --file /nix/store/jhwjj9cp0xnjv7b62pvrjzckcyhin187-flox-buildenv-0.0.1/lib/buildenv.nix --argstr manifestLock /Users/zmitchell/.cache/flox/process/.tmp09Rn1v/.tmpVuHNZG
2025-07-11T17:54:14.701426Z DEBUG check-upgrade: flox::commands::check_for_upgrades: Upgrading information with new result. diff={}
2025-07-11T17:54:14.702306Z DEBUG check-upgrade: flox_rust_sdk::providers::upgrade_checks: wrote upgrade information upgrade_information_path="/Users/zmitchell/src/flox-manifest-build-examples/quotes-app-pip/.flox/cache/upgrade-checks.json"
