2025-07-09T23:58:13.812606Z DEBUG flox::config: reading raw config (initialized: false, reload: false)
2025-07-09T23:58:13.812802Z DEBUG flox::config: `$FLOX_CONFIG_DIR` set: /Users/zmitchell/.config/flox
2025-07-09T23:58:13.813076Z DEBUG flox::utils::init::sentry: No Sentry DSN set, skipping Sentry initialization
2025-07-09T23:58:13.813086Z DEBUG flox: set _FLOX_PKGDB_VERBOSITY=2
2025-07-09T23:58:13.813725Z DEBUG flox::config: reading raw config (initialized: true, reload: false)
2025-07-09T23:58:13.814130Z DEBUG flox::commands: Skipping update check in development mode
2025-07-09T23:58:13.814280Z DEBUG flox::commands: Metrics collection enabled
2025-07-09T23:58:13.814360Z DEBUG flox::utils::init::catalog_client: using catalog client with url: https://api.flox.dev
2025-07-09T23:58:13.816457Z DEBUG flox::commands: feature flags configured=Features { upload: false, qa: true }
2025-07-09T23:58:13.817157Z DEBUG check-upgrade: flox::utils::metrics: pushing entry to metrics buffer: MetricEntry { subcommand: Some("check-upgrade"), extras: {}, timestamp: 2025-07-09 23:58:13.817069 +00:00:00, uuid: f5187196-aea5-4e3d-bca5-e04499c42547, flox_version: "1.5.0-ge9f8e4f", os_family: Some("Mac OS"), os_family_release: Some("23.6.0"), os: None, os_version: None, empty_flags: [] }
2025-07-09T23:58:13.818612Z DEBUG check-upgrade: flox_rust_sdk::models::environment: detected concrete environment type: path
2025-07-09T23:58:13.819844Z DEBUG check-upgrade: flox_rust_sdk::providers::upgrade_checks: created unlocked upgrade information guard upgrade_information_path="/Users/zmitchell/src/flox-manifest-build-examples/quotes-app-pip/.flox/cache/upgrade-checks.json"
2025-07-09T23:58:13.820048Z DEBUG check-upgrade: flox::commands::check_for_upgrades: Recently checked for upgrades. Skipping.
2025-07-09T23:58:13.821341Z DEBUG flox::utils::metrics: Sending metrics to https://z7qixlmjr3.execute-api.eu-north-1.amazonaws.com/prod/capture
2025-07-09T23:58:13.821350Z DEBUG flox::utils::metrics: Metrics: [
  {
    "event": "cli-invocation",
    "properties": {
      "$current_url": "flox://build",
      "$device_id": "f5187196-aea5-4e3d-bca5-e04499c42547",
      "$lib": "flox-cli",
      "$os": "Mac OS",
      "$pathname": "build",
      "$set": {
        "$os": "Mac OS",
        "flox_cli_uuid": "f5187196-aea5-4e3d-bca5-e04499c42547",
        "flox_version": "1.5.0-ge9f8e4f",
        "kernel_version": "23.6.0",
        "os": null,
        "os_family": "Mac OS",
        "os_family_release": "23.6.0",
        "os_version": null,
        "test": true,
        "used_rust_preview": true
      },
      "$set_once": {
        "$initial_os": "Mac OS",
        "initial_flox_version": "1.5.0-ge9f8e4f",
        "initial_kernel_version": "23.6.0",
        "initial_os": null,
        "initial_os_family": "Mac OS",
        "initial_os_family_release": "23.6.0",
        "initial_os_version": null
      },
      "ci": false,
      "distinct_id": "f5187196-aea5-4e3d-bca5-e04499c42547",
      "empty_flags": [],
      "extras": {
        "path_environment": "quotes-app-pip"
      },
      "kernel_version": "23.6.0",
      "os": null,
      "os_family": "Mac OS",
      "os_family_release": "23.6.0",
      "os_version": null,
      "subcommand": "build"
    },
    "timestamp": "2025-07-09T23:55:58.741595000Z",
    "uuid": "e7b745dd-bcc9-4466-aa60-7a9cb8c4ed70"
  },
  {
    "event": "cli-invocation",
    "properties": {
      "$current_url": "flox://activate",
      "$device_id": "f5187196-aea5-4e3d-bca5-e04499c42547",
      "$lib": "flox-cli",
      "$os": "Mac OS",
      "$pathname": "activate",
      "$set": {
        "$os": "Mac OS",
        "flox_cli_uuid": "f5187196-aea5-4e3d-bca5-e04499c42547",
        "flox_version": "1.5.0-ge9f8e4f",
        "kernel_version": "23.6.0",
        "os": null,
        "os_family": "Mac OS",
        "os_family_release": "23.6.0",
        "os_version": null,
        "test": true,
        "used_rust_preview": true
      },
      "$set_once": {
        "$initial_os": "Mac OS",
        "initial_flox_version": "1.5.0-ge9f8e4f",
        "initial_kernel_version": "23.6.0",
        "initial_os": null,
        "initial_os_family": "Mac OS",
        "initial_os_family_release": "23.6.0",
        "initial_os_version": null
      },
      "ci": false,
      "distinct_id": "f5187196-aea5-4e3d-bca5-e04499c42547",
      "empty_flags": [],
      "extras": {
        "mode": "dev",
        "path_environment": "quotes-app-pip",
        "start_services": "false"
      },
      "kernel_version": "23.6.0",
      "os": null,
      "os_family": "Mac OS",
      "os_family_release": "23.6.0",
      "os_version": null,
      "subcommand": "activate"
    },
    "timestamp": "2025-07-09T23:56:43.451500000Z",
    "uuid": "429e2fca-99b0-4d9c-8aaf-9c5f1cc53bb8"
  },
  {
    "event": "cli-invocation",
    "properties": {
      "$current_url": "flox://activate",
      "$device_id": "f5187196-aea5-4e3d-bca5-e04499c42547",
      "$lib": "flox-cli",
      "$os": "Mac OS",
      "$pathname": "activate",
      "$set": {
        "$os": "Mac OS",
        "flox_cli_uuid": "f5187196-aea5-4e3d-bca5-e04499c42547",
        "flox_version": "1.5.0-ge9f8e4f",
        "kernel_version": "23.6.0",
        "os": null,
        "os_family": "Mac OS",
        "os_family_release": "23.6.0",
        "os_version": null,
        "test": true,
        "used_rust_preview": true
      },
      "$set_once": {
        "$initial_os": "Mac OS",
        "initial_flox_version": "1.5.0-ge9f8e4f",
        "initial_kernel_version": "23.6.0",
        "initial_os": null,
        "initial_os_family": "Mac OS",
        "initial_os_family_release": "23.6.0",
        "initial_os_version": null
      },
      "ci": false,
      "distinct_id": "f5187196-aea5-4e3d-bca5-e04499c42547",
      "empty_flags": [],
      "extras": {
        "has_includes": "false"
      },
      "kernel_version": "23.6.0",
      "os": null,
      "os_family": "Mac OS",
      "os_family_release": "23.6.0",
      "os_version": null,
      "subcommand": "activate"
    },
    "timestamp": "2025-07-09T23:56:43.454755000Z",
    "uuid": "d052f930-0ccd-4a71-ac42-3707e568358b"
  },
  {
    "event": "cli-invocation",
    "properties": {
      "$current_url": "flox://check-upgrade",
      "$device_id": "f5187196-aea5-4e3d-bca5-e04499c42547",
      "$lib": "flox-cli",
      "$os": "Mac OS",
      "$pathname": "check-upgrade",
      "$set": {
        "$os": "Mac OS",
        "flox_cli_uuid": "f5187196-aea5-4e3d-bca5-e04499c42547",
        "flox_version": "1.5.0-ge9f8e4f",
        "kernel_version": "23.6.0",
        "os": null,
        "os_family": "Mac OS",
        "os_family_release": "23.6.0",
        "os_version": null,
        "test": true,
        "used_rust_preview": true
      },
      "$set_once": {
        "$initial_os": "Mac OS",
        "initial_flox_version": "1.5.0-ge9f8e4f",
        "initial_kernel_version": "23.6.0",
        "initial_os": null,
        "initial_os_family": "Mac OS",
        "initial_os_family_release": "23.6.0",
        "initial_os_version": null
      },
      "ci": false,
      "distinct_id": "f5187196-aea5-4e3d-bca5-e04499c42547",
      "empty_flags": [],
      "extras": {},
      "kernel_version": "23.6.0",
      "os": null,
      "os_family": "Mac OS",
      "os_family_release": "23.6.0",
      "os_version": null,
      "subcommand": "check-upgrade"
    },
    "timestamp": "2025-07-09T23:56:43.465113000Z",
    "uuid": "72343482-ab13-47cb-8212-d20681de742b"
  },
  {
    "event": "cli-invocation",
    "properties": {
      "$current_url": "flox://activate#version",
      "$device_id": "f5187196-aea5-4e3d-bca5-e04499c42547",
      "$lib": "flox-cli",
      "$os": "Mac OS",
      "$pathname": "activate#version",
      "$set": {
        "$os": "Mac OS",
        "flox_cli_uuid": "f5187196-aea5-4e3d-bca5-e04499c42547",
        "flox_version": "1.5.0-ge9f8e4f",
        "kernel_version": "23.6.0",
        "os": null,
        "os_family": "Mac OS",
        "os_family_release": "23.6.0",
        "os_version": null,
        "test": true,
        "used_rust_preview": true
      },
      "$set_once": {
        "$initial_os": "Mac OS",
        "initial_flox_version": "1.5.0-ge9f8e4f",
        "initial_kernel_version": "23.6.0",
        "initial_os": null,
        "initial_os_family": "Mac OS",
        "initial_os_family_release": "23.6.0",
        "initial_os_version": null
      },
      "ci": false,
      "distinct_id": "f5187196-aea5-4e3d-bca5-e04499c42547",
      "empty_flags": [],
      "extras": {
        "lockfile_version": "1"
      },
      "kernel_version": "23.6.0",
      "os": null,
      "os_family": "Mac OS",
      "os_family_release": "23.6.0",
      "os_version": null,
      "subcommand": "activate#version"
    },
    "timestamp": "2025-07-09T23:56:43.754612000Z",
    "uuid": "84d5c891-6dfa-4afc-98b5-55bbb86f45d5"
  },
  {
    "event": "cli-invocation",
    "properties": {
      "$current_url": "flox://activate#version",
      "$device_id": "f5187196-aea5-4e3d-bca5-e04499c42547",
      "$lib": "flox-cli",
      "$os": "Mac OS",
      "$pathname": "activate#version",
      "$set": {
        "$os": "Mac OS",
        "flox_cli_uuid": "f5187196-aea5-4e3d-bca5-e04499c42547",
        "flox_version": "1.5.0-ge9f8e4f",
        "kernel_version": "23.6.0",
        "os": null,
        "os_family": "Mac OS",
        "os_family_release": "23.6.0",
        "os_version": null,
        "test": true,
        "used_rust_preview": true
      },
      "$set_once": {
        "$initial_os": "Mac OS",
        "initial_flox_version": "1.5.0-ge9f8e4f",
        "initial_kernel_version": "23.6.0",
        "initial_os": null,
        "initial_os_family": "Mac OS",
        "initial_os_family_release": "23.6.0",
        "initial_os_version": null
      },
      "ci": false,
      "distinct_id": "f5187196-aea5-4e3d-bca5-e04499c42547",
      "empty_flags": [],
      "extras": {
        "lockfile_version": "1"
      },
      "kernel_version": "23.6.0",
      "os": null,
      "os_family": "Mac OS",
      "os_family_release": "23.6.0",
      "os_version": null,
      "subcommand": "activate#version"
    },
    "timestamp": "2025-07-09T23:56:43.754937000Z",
    "uuid": "4ddf7f86-6d43-4a06-a1b9-dc5e6392e20d"
  },
  {
    "event": "cli-invocation",
    "properties": {
      "$current_url": "flox://activate",
      "$device_id": "f5187196-aea5-4e3d-bca5-e04499c42547",
      "$lib": "flox-cli",
      "$os": "Mac OS",
      "$pathname": "activate",
      "$set": {
        "$os": "Mac OS",
        "flox_cli_uuid": "f5187196-aea5-4e3d-bca5-e04499c42547",
        "flox_version": "1.5.0-ge9f8e4f",
        "kernel_version": "23.6.0",
        "os": null,
        "os_family": "Mac OS",
        "os_family_release": "23.6.0",
        "os_version": null,
        "test": true,
        "used_rust_preview": true
      },
      "$set_once": {
        "$initial_os": "Mac OS",
        "initial_flox_version": "1.5.0-ge9f8e4f",
        "initial_kernel_version": "23.6.0",
        "initial_os": null,
        "initial_os_family": "Mac OS",
        "initial_os_family_release": "23.6.0",
        "initial_os_version": null
      },
      "ci": false,
      "distinct_id": "f5187196-aea5-4e3d-bca5-e04499c42547",
      "empty_flags": [],
      "extras": {
        "shell": "fish"
      },
      "kernel_version": "23.6.0",
      "os": null,
      "os_family": "Mac OS",
      "os_family_release": "23.6.0",
      "os_version": null,
      "subcommand": "activate"
    },
    "timestamp": "2025-07-09T23:56:43.755392000Z",
    "uuid": "469c244a-3078-4e29-8d67-6158043e1d2a"
  },
  {
    "event": "cli-invocation",
    "properties": {
      "$current_url": "flox://activate",
      "$device_id": "f5187196-aea5-4e3d-bca5-e04499c42547",
      "$lib": "flox-cli",
      "$os": "Mac OS",
      "$pathname": "activate",
      "$set": {
        "$os": "Mac OS",
        "flox_cli_uuid": "f5187196-aea5-4e3d-bca5-e04499c42547",
        "flox_version": "1.5.0-ge9f8e4f",
        "kernel_version": "23.6.0",
        "os": null,
        "os_family": "Mac OS",
        "os_family_release": "23.6.0",
        "os_version": null,
        "test": true,
        "used_rust_preview": true
      },
      "$set_once": {
        "$initial_os": "Mac OS",
        "initial_flox_version": "1.5.0-ge9f8e4f",
        "initial_kernel_version": "23.6.0",
        "initial_os": null,
        "initial_os_family": "Mac OS",
        "initial_os_family_release": "23.6.0",
        "initial_os_version": null
      },
      "ci": false,
      "distinct_id": "f5187196-aea5-4e3d-bca5-e04499c42547",
      "empty_flags": [],
      "extras": {
        "mode": "dev",
        "path_environment": "quotes-app-pip",
        "start_services": "false"
      },
      "kernel_version": "23.6.0",
      "os": null,
      "os_family": "Mac OS",
      "os_family_release": "23.6.0",
      "os_version": null,
      "subcommand": "activate"
    },
    "timestamp": "2025-07-09T23:56:54.191423000Z",
    "uuid": "097f199b-9ed3-49b4-ab9f-9474b5e84d36"
  },
  {
    "event": "cli-invocation",
    "properties": {
      "$current_url": "flox://activate",
      "$device_id": "f5187196-aea5-4e3d-bca5-e04499c42547",
      "$lib": "flox-cli",
      "$os": "Mac OS",
      "$pathname": "activate",
      "$set": {
        "$os": "Mac OS",
        "flox_cli_uuid": "f5187196-aea5-4e3d-bca5-e04499c42547",
        "flox_version": "1.5.0-ge9f8e4f",
        "kernel_version": "23.6.0",
        "os": null,
        "os_family": "Mac OS",
        "os_family_release": "23.6.0",
        "os_version": null,
        "test": true,
        "used_rust_preview": true
      },
      "$set_once": {
        "$initial_os": "Mac OS",
        "initial_flox_version": "1.5.0-ge9f8e4f",
        "initial_kernel_version": "23.6.0",
        "initial_os": null,
        "initial_os_family": "Mac OS",
        "initial_os_family_release": "23.6.0",
        "initial_os_version": null
      },
      "ci": false,
      "distinct_id": "f5187196-aea5-4e3d-bca5-e04499c42547",
      "empty_flags": [],
      "extras": {
        "has_includes": "false"
      },
      "kernel_version": "23.6.0",
      "os": null,
      "os_family": "Mac OS",
      "os_family_release": "23.6.0",
      "os_version": null,
      "subcommand": "activate"
    },
    "timestamp": "2025-07-09T23:56:54.193632000Z",
    "uuid": "f9cc0f9d-db66-4735-945a-97316fae6ba1"
  },
  {
    "event": "cli-invocation",
    "properties": {
      "$current_url": "flox://activate#version",
      "$device_id": "f5187196-aea5-4e3d-bca5-e04499c42547",
      "$lib": "flox-cli",
      "$os": "Mac OS",
      "$pathname": "activate#version",
      "$set": {
        "$os": "Mac OS",
        "flox_cli_uuid": "f5187196-aea5-4e3d-bca5-e04499c42547",
        "flox_version": "1.5.0-ge9f8e4f",
        "kernel_version": "23.6.0",
        "os": null,
        "os_family": "Mac OS",
        "os_family_release": "23.6.0",
        "os_version": null,
        "test": true,
        "used_rust_preview": true
      },
      "$set_once": {
        "$initial_os": "Mac OS",
        "initial_flox_version": "1.5.0-ge9f8e4f",
        "initial_kernel_version": "23.6.0",
        "initial_os": null,
        "initial_os_family": "Mac OS",
        "initial_os_family_release": "23.6.0",
        "initial_os_version": null
      },
      "ci": false,
      "distinct_id": "f5187196-aea5-4e3d-bca5-e04499c42547",
      "empty_flags": [],
      "extras": {
        "lockfile_version": "1"
      },
      "kernel_version": "23.6.0",
      "os": null,
      "os_family": "Mac OS",
      "os_family_release": "23.6.0",
      "os_version": null,
      "subcommand": "activate#version"
    },
    "timestamp": "2025-07-09T23:56:54.193979000Z",
    "uuid": "99fff1ff-c3b8-4fb4-950e-a103ddf52d90"
  },
  {
    "event": "cli-invocation",
    "properties": {
      "$current_url": "flox://activate#version",
      "$device_id": "f5187196-aea5-4e3d-bca5-e04499c42547",
      "$lib": "flox-cli",
      "$os": "Mac OS",
      "$pathname": "activate#version",
      "$set": {
        "$os": "Mac OS",
        "flox_cli_uuid": "f5187196-aea5-4e3d-bca5-e04499c42547",
        "flox_version": "1.5.0-ge9f8e4f",
        "kernel_version": "23.6.0",
        "os": null,
        "os_family": "Mac OS",
        "os_family_release": "23.6.0",
        "os_version": null,
        "test": true,
        "used_rust_preview": true
      },
      "$set_once": {
        "$initial_os": "Mac OS",
        "initial_flox_version": "1.5.0-ge9f8e4f",
        "initial_kernel_version": "23.6.0",
        "initial_os": null,
        "initial_os_family": "Mac OS",
        "initial_os_family_release": "23.6.0",
        "initial_os_version": null
      },
      "ci": false,
      "distinct_id": "f5187196-aea5-4e3d-bca5-e04499c42547",
      "empty_flags": [],
      "extras": {
        "lockfile_version": "1"
      },
      "kernel_version": "23.6.0",
      "os": null,
      "os_family": "Mac OS",
      "os_family_release": "23.6.0",
      "os_version": null,
      "subcommand": "activate#version"
    },
    "timestamp": "2025-07-09T23:56:54.194098000Z",
    "uuid": "ae0fd4bb-f359-4ef0-a178-8a45d39bc2d6"
  },
  {
    "event": "cli-invocation",
    "properties": {
      "$current_url": "flox://activate",
      "$device_id": "f5187196-aea5-4e3d-bca5-e04499c42547",
      "$lib": "flox-cli",
      "$os": "Mac OS",
      "$pathname": "activate",
      "$set": {
        "$os": "Mac OS",
        "flox_cli_uuid": "f5187196-aea5-4e3d-bca5-e04499c42547",
        "flox_version": "1.5.0-ge9f8e4f",
        "kernel_version": "23.6.0",
        "os": null,
        "os_family": "Mac OS",
        "os_family_release": "23.6.0",
        "os_version": null,
        "test": true,
        "used_rust_preview": true
      },
      "$set_once": {
        "$initial_os": "Mac OS",
        "initial_flox_version": "1.5.0-ge9f8e4f",
        "initial_kernel_version": "23.6.0",
        "initial_os": null,
        "initial_os_family": "Mac OS",
        "initial_os_family_release": "23.6.0",
        "initial_os_version": null
      },
      "ci": false,
      "distinct_id": "f5187196-aea5-4e3d-bca5-e04499c42547",
      "empty_flags": [],
      "extras": {
        "shell": "fish"
      },
      "kernel_version": "23.6.0",
      "os": null,
      "os_family": "Mac OS",
      "os_family_release": "23.6.0",
      "os_version": null,
      "subcommand": "activate"
    },
    "timestamp": "2025-07-09T23:56:54.194251000Z",
    "uuid": "159323ca-bb88-41a1-b8fc-2d3617a7472d"
  },
  {
    "event": "cli-invocation",
    "properties": {
      "$current_url": "flox://check-upgrade",
      "$device_id": "f5187196-aea5-4e3d-bca5-e04499c42547",
      "$lib": "flox-cli",
      "$os": "Mac OS",
      "$pathname": "check-upgrade",
      "$set": {
        "$os": "Mac OS",
        "flox_cli_uuid": "f5187196-aea5-4e3d-bca5-e04499c42547",
        "flox_version": "1.5.0-ge9f8e4f",
        "kernel_version": "23.6.0",
        "os": null,
        "os_family": "Mac OS",
        "os_family_release": "23.6.0",
        "os_version": null,
        "test": true,
        "used_rust_preview": true
      },
      "$set_once": {
        "$initial_os": "Mac OS",
        "initial_flox_version": "1.5.0-ge9f8e4f",
        "initial_kernel_version": "23.6.0",
        "initial_os": null,
        "initial_os_family": "Mac OS",
        "initial_os_family_release": "23.6.0",
        "initial_os_version": null
      },
      "ci": false,
      "distinct_id": "f5187196-aea5-4e3d-bca5-e04499c42547",
      "empty_flags": [],
      "extras": {},
      "kernel_version": "23.6.0",
      "os": null,
      "os_family": "Mac OS",
      "os_family_release": "23.6.0",
      "os_version": null,
      "subcommand": "check-upgrade"
    },
    "timestamp": "2025-07-09T23:56:54.203255000Z",
    "uuid": "8887910c-52a4-4882-8412-5f4ff2bb6d0b"
  },
  {
    "event": "cli-invocation",
    "properties": {
      "$current_url": "flox://activate",
      "$device_id": "f5187196-aea5-4e3d-bca5-e04499c42547",
      "$lib": "flox-cli",
      "$os": "Mac OS",
      "$pathname": "activate",
      "$set": {
        "$os": "Mac OS",
        "flox_cli_uuid": "f5187196-aea5-4e3d-bca5-e04499c42547",
        "flox_version": "1.5.0-ge9f8e4f",
        "kernel_version": "23.6.0",
        "os": null,
        "os_family": "Mac OS",
        "os_family_release": "23.6.0",
        "os_version": null,
        "test": true,
        "used_rust_preview": true
      },
      "$set_once": {
        "$initial_os": "Mac OS",
        "initial_flox_version": "1.5.0-ge9f8e4f",
        "initial_kernel_version": "23.6.0",
        "initial_os": null,
        "initial_os_family": "Mac OS",
        "initial_os_family_release": "23.6.0",
        "initial_os_version": null
      },
      "ci": false,
      "distinct_id": "f5187196-aea5-4e3d-bca5-e04499c42547",
      "empty_flags": [],
      "extras": {
        "mode": "dev",
        "path_environment": "quotes-app-pip",
        "start_services": "false"
      },
      "kernel_version": "23.6.0",
      "os": null,
      "os_family": "Mac OS",
      "os_family_release": "23.6.0",
      "os_version": null,
      "subcommand": "activate"
    },
    "timestamp": "2025-07-09T23:57:26.175814000Z",
    "uuid": "43aae47a-522e-41e1-a228-1edcbeeb0ea6"
  },
  {
    "event": "cli-invocation",
    "properties": {
      "$current_url": "flox://activate",
      "$device_id": "f5187196-aea5-4e3d-bca5-e04499c42547",
      "$lib": "flox-cli",
      "$os": "Mac OS",
      "$pathname": "activate",
      "$set": {
        "$os": "Mac OS",
        "flox_cli_uuid": "f5187196-aea5-4e3d-bca5-e04499c42547",
        "flox_version": "1.5.0-ge9f8e4f",
        "kernel_version": "23.6.0",
        "os": null,
        "os_family": "Mac OS",
        "os_family_release": "23.6.0",
        "os_version": null,
        "test": true,
        "used_rust_preview": true
      },
      "$set_once": {
        "$initial_os": "Mac OS",
        "initial_flox_version": "1.5.0-ge9f8e4f",
        "initial_kernel_version": "23.6.0",
        "initial_os": null,
        "initial_os_family": "Mac OS",
        "initial_os_family_release": "23.6.0",
        "initial_os_version": null
      },
      "ci": false,
      "distinct_id": "f5187196-aea5-4e3d-bca5-e04499c42547",
      "empty_flags": [],
      "extras": {
        "has_includes": "false"
      },
      "kernel_version": "23.6.0",
      "os": null,
      "os_family": "Mac OS",
      "os_family_release": "23.6.0",
      "os_version": null,
      "subcommand": "activate"
    },
    "timestamp": "2025-07-09T23:57:26.188178000Z",
    "uuid": "e0a63df5-b2b4-4db2-9da1-ed7fcb7dd302"
  },
  {
    "event": "cli-invocation",
    "properties": {
      "$current_url": "flox://check-upgrade",
      "$device_id": "f5187196-aea5-4e3d-bca5-e04499c42547",
      "$lib": "flox-cli",
      "$os": "Mac OS",
      "$pathname": "check-upgrade",
      "$set": {
        "$os": "Mac OS",
        "flox_cli_uuid": "f5187196-aea5-4e3d-bca5-e04499c42547",
        "flox_version": "1.5.0-ge9f8e4f",
        "kernel_version": "23.6.0",
        "os": null,
        "os_family": "Mac OS",
        "os_family_release": "23.6.0",
        "os_version": null,
        "test": true,
        "used_rust_preview": true
      },
      "$set_once": {
        "$initial_os": "Mac OS",
        "initial_flox_version": "1.5.0-ge9f8e4f",
        "initial_kernel_version": "23.6.0",
        "initial_os": null,
        "initial_os_family": "Mac OS",
        "initial_os_family_release": "23.6.0",
        "initial_os_version": null
      },
      "ci": false,
      "distinct_id": "f5187196-aea5-4e3d-bca5-e04499c42547",
      "empty_flags": [],
      "extras": {},
      "kernel_version": "23.6.0",
      "os": null,
      "os_family": "Mac OS",
      "os_family_release": "23.6.0",
      "os_version": null,
      "subcommand": "check-upgrade"
    },
    "timestamp": "2025-07-09T23:57:26.199702000Z",
    "uuid": "6c40e387-b90f-4afb-9cd9-72cca2286718"
  },
  {
    "event": "cli-invocation",
    "properties": {
      "$current_url": "flox://activate#version",
      "$device_id": "f5187196-aea5-4e3d-bca5-e04499c42547",
      "$lib": "flox-cli",
      "$os": "Mac OS",
      "$pathname": "activate#version",
      "$set": {
        "$os": "Mac OS",
        "flox_cli_uuid": "f5187196-aea5-4e3d-bca5-e04499c42547",
        "flox_version": "1.5.0-ge9f8e4f",
        "kernel_version": "23.6.0",
        "os": null,
        "os_family": "Mac OS",
        "os_family_release": "23.6.0",
        "os_version": null,
        "test": true,
        "used_rust_preview": true
      },
      "$set_once": {
        "$initial_os": "Mac OS",
        "initial_flox_version": "1.5.0-ge9f8e4f",
        "initial_kernel_version": "23.6.0",
        "initial_os": null,
        "initial_os_family": "Mac OS",
        "initial_os_family_release": "23.6.0",
        "initial_os_version": null
      },
      "ci": false,
      "distinct_id": "f5187196-aea5-4e3d-bca5-e04499c42547",
      "empty_flags": [],
      "extras": {
        "lockfile_version": "1"
      },
      "kernel_version": "23.6.0",
      "os": null,
      "os_family": "Mac OS",
      "os_family_release": "23.6.0",
      "os_version": null,
      "subcommand": "activate#version"
    },
    "timestamp": "2025-07-09T23:57:27.417373000Z",
    "uuid": "45f081ab-306a-43b1-bf41-9614359178b1"
  },
  {
    "event": "cli-invocation",
    "properties": {
      "$current_url": "flox://activate#version",
      "$device_id": "f5187196-aea5-4e3d-bca5-e04499c42547",
      "$lib": "flox-cli",
      "$os": "Mac OS",
      "$pathname": "activate#version",
      "$set": {
        "$os": "Mac OS",
        "flox_cli_uuid": "f5187196-aea5-4e3d-bca5-e04499c42547",
        "flox_version": "1.5.0-ge9f8e4f",
        "kernel_version": "23.6.0",
        "os": null,
        "os_family": "Mac OS",
        "os_family_release": "23.6.0",
        "os_version": null,
        "test": true,
        "used_rust_preview": true
      },
      "$set_once": {
        "$initial_os": "Mac OS",
        "initial_flox_version": "1.5.0-ge9f8e4f",
        "initial_kernel_version": "23.6.0",
        "initial_os": null,
        "initial_os_family": "Mac OS",
        "initial_os_family_release": "23.6.0",
        "initial_os_version": null
      },
      "ci": false,
      "distinct_id": "f5187196-aea5-4e3d-bca5-e04499c42547",
      "empty_flags": [],
      "extras": {
        "lockfile_version": "1"
      },
      "kernel_version": "23.6.0",
      "os": null,
      "os_family": "Mac OS",
      "os_family_release": "23.6.0",
      "os_version": null,
      "subcommand": "activate#version"
    },
    "timestamp": "2025-07-09T23:57:27.417735000Z",
    "uuid": "b2472b8b-9f49-4e88-99b9-884202bd7e41"
  },
  {
    "event": "cli-invocation",
    "properties": {
      "$current_url": "flox://activate",
      "$device_id": "f5187196-aea5-4e3d-bca5-e04499c42547",
      "$lib": "flox-cli",
      "$os": "Mac OS",
      "$pathname": "activate",
      "$set": {
        "$os": "Mac OS",
        "flox_cli_uuid": "f5187196-aea5-4e3d-bca5-e04499c42547",
        "flox_version": "1.5.0-ge9f8e4f",
        "kernel_version": "23.6.0",
        "os": null,
        "os_family": "Mac OS",
        "os_family_release": "23.6.0",
        "os_version": null,
        "test": true,
        "used_rust_preview": true
      },
      "$set_once": {
        "$initial_os": "Mac OS",
        "initial_flox_version": "1.5.0-ge9f8e4f",
        "initial_kernel_version": "23.6.0",
        "initial_os": null,
        "initial_os_family": "Mac OS",
        "initial_os_family_release": "23.6.0",
        "initial_os_version": null
      },
      "ci": false,
      "distinct_id": "f5187196-aea5-4e3d-bca5-e04499c42547",
      "empty_flags": [],
      "extras": {
        "shell": "fish"
      },
      "kernel_version": "23.6.0",
      "os": null,
      "os_family": "Mac OS",
      "os_family_release": "23.6.0",
      "os_version": null,
      "subcommand": "activate"
    },
    "timestamp": "2025-07-09T23:57:27.418410000Z",
    "uuid": "450f7eee-b7cb-409f-991c-d487038da9de"
  },
  {
    "event": "cli-invocation",
    "properties": {
      "$current_url": "flox://activate",
      "$device_id": "f5187196-aea5-4e3d-bca5-e04499c42547",
      "$lib": "flox-cli",
      "$os": "Mac OS",
      "$pathname": "activate",
      "$set": {
        "$os": "Mac OS",
        "flox_cli_uuid": "f5187196-aea5-4e3d-bca5-e04499c42547",
        "flox_version": "1.5.0-ge9f8e4f",
        "kernel_version": "23.6.0",
        "os": null,
        "os_family": "Mac OS",
        "os_family_release": "23.6.0",
        "os_version": null,
        "test": true,
        "used_rust_preview": true
      },
      "$set_once": {
        "$initial_os": "Mac OS",
        "initial_flox_version": "1.5.0-ge9f8e4f",
        "initial_kernel_version": "23.6.0",
        "initial_os": null,
        "initial_os_family": "Mac OS",
        "initial_os_family_release": "23.6.0",
        "initial_os_version": null
      },
      "ci": false,
      "distinct_id": "f5187196-aea5-4e3d-bca5-e04499c42547",
      "empty_flags": [],
      "extras": {
        "mode": "dev",
        "path_environment": "quotes-app-pip",
        "start_services": "false"
      },
      "kernel_version": "23.6.0",
      "os": null,
      "os_family": "Mac OS",
      "os_family_release": "23.6.0",
      "os_version": null,
      "subcommand": "activate"
    },
    "timestamp": "2025-07-09T23:58:13.799427000Z",
    "uuid": "085c46f4-f57c-4ce4-a9de-11ea079d650d"
  },
  {
    "event": "cli-invocation",
    "properties": {
      "$current_url": "flox://activate",
      "$device_id": "f5187196-aea5-4e3d-bca5-e04499c42547",
      "$lib": "flox-cli",
      "$os": "Mac OS",
      "$pathname": "activate",
      "$set": {
        "$os": "Mac OS",
        "flox_cli_uuid": "f5187196-aea5-4e3d-bca5-e04499c42547",
        "flox_version": "1.5.0-ge9f8e4f",
        "kernel_version": "23.6.0",
        "os": null,
        "os_family": "Mac OS",
        "os_family_release": "23.6.0",
        "os_version": null,
        "test": true,
        "used_rust_preview": true
      },
      "$set_once": {
        "$initial_os": "Mac OS",
        "initial_flox_version": "1.5.0-ge9f8e4f",
        "initial_kernel_version": "23.6.0",
        "initial_os": null,
        "initial_os_family": "Mac OS",
        "initial_os_family_release": "23.6.0",
        "initial_os_version": null
      },
      "ci": false,
      "distinct_id": "f5187196-aea5-4e3d-bca5-e04499c42547",
      "empty_flags": [],
      "extras": {
        "has_includes": "false"
      },
      "kernel_version": "23.6.0",
      "os": null,
      "os_family": "Mac OS",
      "os_family_release": "23.6.0",
      "os_version": null,
      "subcommand": "activate"
    },
    "timestamp": "2025-07-09T23:58:13.806532000Z",
    "uuid": "7e29ed3a-6fc5-43fe-88e5-4032d980ddbd"
  },
  {
    "event": "cli-invocation",
    "properties": {
      "$current_url": "flox://activate#version",
      "$device_id": "f5187196-aea5-4e3d-bca5-e04499c42547",
      "$lib": "flox-cli",
      "$os": "Mac OS",
      "$pathname": "activate#version",
      "$set": {
        "$os": "Mac OS",
        "flox_cli_uuid": "f5187196-aea5-4e3d-bca5-e04499c42547",
        "flox_version": "1.5.0-ge9f8e4f",
        "kernel_version": "23.6.0",
        "os": null,
        "os_family": "Mac OS",
        "os_family_release": "23.6.0",
        "os_version": null,
        "test": true,
        "used_rust_preview": true
      },
      "$set_once": {
        "$initial_os": "Mac OS",
        "initial_flox_version": "1.5.0-ge9f8e4f",
        "initial_kernel_version": "23.6.0",
        "initial_os": null,
        "initial_os_family": "Mac OS",
        "initial_os_family_release": "23.6.0",
        "initial_os_version": null
      },
      "ci": false,
      "distinct_id": "f5187196-aea5-4e3d-bca5-e04499c42547",
      "empty_flags": [],
      "extras": {
        "lockfile_version": "1"
      },
      "kernel_version": "23.6.0",
      "os": null,
      "os_family": "Mac OS",
      "os_family_release": "23.6.0",
      "os_version": null,
      "subcommand": "activate#version"
    },
    "timestamp": "2025-07-09T23:58:13.806842000Z",
    "uuid": "049569a4-bbcb-4669-89cc-0cb6d29086fa"
  },
  {
    "event": "cli-invocation",
    "properties": {
      "$current_url": "flox://activate#version",
      "$device_id": "f5187196-aea5-4e3d-bca5-e04499c42547",
      "$lib": "flox-cli",
      "$os": "Mac OS",
      "$pathname": "activate#version",
      "$set": {
        "$os": "Mac OS",
        "flox_cli_uuid": "f5187196-aea5-4e3d-bca5-e04499c42547",
        "flox_version": "1.5.0-ge9f8e4f",
        "kernel_version": "23.6.0",
        "os": null,
        "os_family": "Mac OS",
        "os_family_release": "23.6.0",
        "os_version": null,
        "test": true,
        "used_rust_preview": true
      },
      "$set_once": {
        "$initial_os": "Mac OS",
        "initial_flox_version": "1.5.0-ge9f8e4f",
        "initial_kernel_version": "23.6.0",
        "initial_os": null,
        "initial_os_family": "Mac OS",
        "initial_os_family_release": "23.6.0",
        "initial_os_version": null
      },
      "ci": false,
      "distinct_id": "f5187196-aea5-4e3d-bca5-e04499c42547",
      "empty_flags": [],
      "extras": {
        "lockfile_version": "1"
      },
      "kernel_version": "23.6.0",
      "os": null,
      "os_family": "Mac OS",
      "os_family_release": "23.6.0",
      "os_version": null,
      "subcommand": "activate#version"
    },
    "timestamp": "2025-07-09T23:58:13.806970000Z",
    "uuid": "446031c2-dc9b-4c7b-b50f-4aac4e8e263d"
  },
  {
    "event": "cli-invocation",
    "properties": {
      "$current_url": "flox://activate",
      "$device_id": "f5187196-aea5-4e3d-bca5-e04499c42547",
      "$lib": "flox-cli",
      "$os": "Mac OS",
      "$pathname": "activate",
      "$set": {
        "$os": "Mac OS",
        "flox_cli_uuid": "f5187196-aea5-4e3d-bca5-e04499c42547",
        "flox_version": "1.5.0-ge9f8e4f",
        "kernel_version": "23.6.0",
        "os": null,
        "os_family": "Mac OS",
        "os_family_release": "23.6.0",
        "os_version": null,
        "test": true,
        "used_rust_preview": true
      },
      "$set_once": {
        "$initial_os": "Mac OS",
        "initial_flox_version": "1.5.0-ge9f8e4f",
        "initial_kernel_version": "23.6.0",
        "initial_os": null,
        "initial_os_family": "Mac OS",
        "initial_os_family_release": "23.6.0",
        "initial_os_version": null
      },
      "ci": false,
      "distinct_id": "f5187196-aea5-4e3d-bca5-e04499c42547",
      "empty_flags": [],
      "extras": {
        "shell": "fish"
      },
      "kernel_version": "23.6.0",
      "os": null,
      "os_family": "Mac OS",
      "os_family_release": "23.6.0",
      "os_version": null,
      "subcommand": "activate"
    },
    "timestamp": "2025-07-09T23:58:13.807298000Z",
    "uuid": "0d048e6f-a958-4e2f-80d4-46e4b06452ae"
  },
  {
    "event": "cli-invocation",
    "properties": {
      "$current_url": "flox://check-upgrade",
      "$device_id": "f5187196-aea5-4e3d-bca5-e04499c42547",
      "$lib": "flox-cli",
      "$os": "Mac OS",
      "$pathname": "check-upgrade",
      "$set": {
        "$os": "Mac OS",
        "flox_cli_uuid": "f5187196-aea5-4e3d-bca5-e04499c42547",
        "flox_version": "1.5.0-ge9f8e4f",
        "kernel_version": "23.6.0",
        "os": null,
        "os_family": "Mac OS",
        "os_family_release": "23.6.0",
        "os_version": null,
        "test": true,
        "used_rust_preview": true
      },
      "$set_once": {
        "$initial_os": "Mac OS",
        "initial_flox_version": "1.5.0-ge9f8e4f",
        "initial_kernel_version": "23.6.0",
        "initial_os": null,
        "initial_os_family": "Mac OS",
        "initial_os_family_release": "23.6.0",
        "initial_os_version": null
      },
      "ci": false,
      "distinct_id": "f5187196-aea5-4e3d-bca5-e04499c42547",
      "empty_flags": [],
      "extras": {},
      "kernel_version": "23.6.0",
      "os": null,
      "os_family": "Mac OS",
      "os_family_release": "23.6.0",
      "os_version": null,
      "subcommand": "check-upgrade"
    },
    "timestamp": "2025-07-09T23:58:13.817069000Z",
    "uuid": "1e3613b8-d9e2-40ec-b3bc-77b4a313d1e3"
  }
]
2025-07-09T23:58:14.679302Z DEBUG flox::utils::metrics: Metrics sent result=Response { url: "https://z7qixlmjr3.execute-api.eu-north-1.amazonaws.com/prod/capture", status: 200, headers: {"date": "Wed, 09 Jul 2025 23:58:14 GMT", "content-type": "application/json", "content-length": "0", "connection": "keep-alive", "x-amzn-requestid": "9192c14c-a0eb-4501-8565-3393ae7c13f0", "x-amz-apigw-id": "Nd1DmFFDgi0EJdg=", "x-amzn-trace-id": "Root=1-686f0216-0144eb784152f9bb5a481d17;Parent=195bde86b767105d;Sampled=0"} }
